<?xml version="1.0" encoding="UTF-8"?>
<testsuite name="ru.netology.test.DeliveryCardTest" tests="1" skipped="0" failures="0" errors="0" timestamp="2021-10-26T11:02:13" hostname="YK" time="3.947">
  <properties/>
  <testcase name="shouldGenerateTestDataTest()" classname="ru.netology.test.DeliveryCardTest" time="3.947"/>
  <system-out><![CDATA[]]></system-out>
  <system-err><![CDATA[SLF4J: Failed to load class "org.slf4j.impl.StaticLoggerBinder".
SLF4J: Defaulting to no-operation (NOP) logger implementation
SLF4J: See http://www.slf4j.org/codes.html#StaticLoggerBinder for further details.
Starting ChromeDriver 95.0.4638.17 (a9d0719444d4b035e284ed1fce73bf6ccd789df2-refs/branch-heads/4638@{#178}) on port 46954
Only local connections are allowed.
Please see https://chromedriver.chromium.org/security-considerations for suggestions on keeping ChromeDriver safe.
ChromeDriver was started successfully.
окт. 26, 2021 2:02:15 PM org.openqa.selenium.remote.ProtocolHandshake createSession
INFO: Detected dialect: W3C
]]></system-err>
</testsuite>
